This file contains any messages produced by compilers while
running configure, to aid debugging if configure makes a mistake.

It was created by btlogger configure 0.3.2, which was
generated by GNU Autoconf 2.61.  Invocation command line was

  $ ./configure 

## --------- ##
## Platform. ##
## --------- ##

hostname = thinkpad
uname -m = i686
uname -r = 2.6.28-15-generic
uname -s = Linux
uname -v = #49-Ubuntu SMP Tue Aug 18 18:40:08 UTC 2009

/usr/bin/uname -p = unknown
/bin/uname -X     = unknown

/bin/arch              = unknown
/usr/bin/arch -k       = unknown
/usr/convex/getsysinfo = unknown
/usr/bin/hostinfo      = unknown
/bin/machine           = unknown
/usr/bin/oslevel       = unknown
/bin/universe          = unknown

PATH: /usr/local/sbin
PATH: /usr/local/bin
PATH: /usr/sbin
PATH: /usr/bin
PATH: /sbin
PATH: /bin
PATH: /usr/games


## ----------- ##
## Core tests. ##
## ----------- ##

configure:1805: checking for a BSD-compatible install
configure:1861: result: /usr/bin/install -c
configure:1872: checking whether build environment is sane
configure:1915: result: yes
configure:1943: checking for a thread-safe mkdir -p
configure:1982: result: /bin/mkdir -p
configure:1995: checking for gawk
configure:2011: found /usr/bin/gawk
configure:2022: result: gawk
configure:2033: checking whether make sets $(MAKE)
configure:2054: result: yes
configure:2337: checking for gcc
configure:2353: found /usr/bin/gcc
configure:2364: result: gcc
configure:2602: checking for C compiler version
configure:2609: gcc --version >&5
gcc (Ubuntu 4.3.3-5ubuntu4) 4.3.3
Copyright (C) 2008 Free Software Foundation, Inc.
This is free software; see the source for copying conditions.  There is NO
warranty; not even for MERCHANTABILITY or FITNESS FOR A PARTICULAR PURPOSE.

configure:2612: $? = 0
configure:2619: gcc -v >&5
Using built-in specs.
Target: i486-linux-gnu
Configured with: ../src/configure -v --with-pkgversion='Ubuntu 4.3.3-5ubuntu4' --with-bugurl=file:///usr/share/doc/gcc-4.3/README.Bugs --enable-languages=c,c++,fortran,objc,obj-c++ --prefix=/usr --enable-shared --with-system-zlib --libexecdir=/usr/lib --without-included-gettext --enable-threads=posix --enable-nls --with-gxx-include-dir=/usr/include/c++/4.3 --program-suffix=-4.3 --enable-clocale=gnu --enable-libstdcxx-debug --enable-objc-gc --enable-mpfr --enable-targets=all --with-tune=generic --enable-checking=release --build=i486-linux-gnu --host=i486-linux-gnu --target=i486-linux-gnu
Thread model: posix
gcc version 4.3.3 (Ubuntu 4.3.3-5ubuntu4) 
configure:2622: $? = 0
configure:2629: gcc -V >&5
gcc: '-V' option must have argument
configure:2632: $? = 1
configure:2655: checking for C compiler default output file name
configure:2682: gcc    conftest.c  >&5
configure:2685: $? = 0
configure:2723: result: a.out
configure:2740: checking whether the C compiler works
configure:2750: ./a.out
configure:2753: $? = 0
configure:2770: result: yes
configure:2777: checking whether we are cross compiling
configure:2779: result: no
configure:2782: checking for suffix of executables
configure:2789: gcc -o conftest    conftest.c  >&5
configure:2792: $? = 0
configure:2816: result: 
configure:2822: checking for suffix of object files
configure:2848: gcc -c   conftest.c >&5
configure:2851: $? = 0
configure:2874: result: o
configure:2878: checking whether we are using the GNU C compiler
configure:2907: gcc -c   conftest.c >&5
configure:2913: $? = 0
configure:2930: result: yes
configure:2935: checking whether gcc accepts -g
configure:2965: gcc -c -g  conftest.c >&5
configure:2971: $? = 0
configure:3070: result: yes
configure:3087: checking for gcc option to accept ISO C89
configure:3161: gcc  -c -g -O2  conftest.c >&5
configure:3167: $? = 0
configure:3190: result: none needed
configure:3219: checking for style of include used by make
configure:3247: result: GNU
configure:3272: checking dependency style of gcc
configure:3363: result: gcc3
configure:3386: checking how to run the C preprocessor
configure:3426: gcc -E  conftest.c
configure:3432: $? = 0
configure:3463: gcc -E  conftest.c
conftest.c:14:28: error: ac_nonexistent.h: No such file or directory
configure:3469: $? = 1
configure: failed program was:
| /* confdefs.h.  */
| #define PACKAGE_NAME "btlogger"
| #define PACKAGE_TARNAME "btlogger"
| #define PACKAGE_VERSION "0.3.2"
| #define PACKAGE_STRING "btlogger 0.3.2"
| #define PACKAGE_BUGREPORT "jmoore@zedstar.org"
| #define PACKAGE "btlogger"
| #define VERSION "0.3.2"
| #define PROGNAME "btlogger"
| #define DB "/var/lib/misc/btlog.db"
| #define SCAN_FREQ 20
| #define API_URL "http://twitter.com/statuses/update.xml"
| /* end confdefs.h.  */
| #include <ac_nonexistent.h>
configure:3502: result: gcc -E
configure:3531: gcc -E  conftest.c
configure:3537: $? = 0
configure:3568: gcc -E  conftest.c
conftest.c:14:28: error: ac_nonexistent.h: No such file or directory
configure:3574: $? = 1
configure: failed program was:
| /* confdefs.h.  */
| #define PACKAGE_NAME "btlogger"
| #define PACKAGE_TARNAME "btlogger"
| #define PACKAGE_VERSION "0.3.2"
| #define PACKAGE_STRING "btlogger 0.3.2"
| #define PACKAGE_BUGREPORT "jmoore@zedstar.org"
| #define PACKAGE "btlogger"
| #define VERSION "0.3.2"
| #define PROGNAME "btlogger"
| #define DB "/var/lib/misc/btlog.db"
| #define SCAN_FREQ 20
| #define API_URL "http://twitter.com/statuses/update.xml"
| /* end confdefs.h.  */
| #include <ac_nonexistent.h>
configure:3612: checking for grep that handles long lines and -e
configure:3686: result: /bin/grep
configure:3691: checking for egrep
configure:3769: result: /bin/grep -E
configure:3774: checking for ANSI C header files
configure:3804: gcc -c -g -O2  conftest.c >&5
configure:3810: $? = 0
configure:3909: gcc -o conftest -g -O2   conftest.c  >&5
configure:3912: $? = 0
configure:3918: ./conftest
configure:3921: $? = 0
configure:3938: result: yes
configure:3950: checking for an ANSI C-conforming const
configure:4025: gcc -c -g -O2  conftest.c >&5
configure:4031: $? = 0
configure:4046: result: yes
configure:4070: checking for sys/types.h
configure:4091: gcc -c -g -O2  conftest.c >&5
configure:4097: $? = 0
configure:4113: result: yes
configure:4070: checking for sys/stat.h
configure:4091: gcc -c -g -O2  conftest.c >&5
configure:4097: $? = 0
configure:4113: result: yes
configure:4070: checking for stdlib.h
configure:4091: gcc -c -g -O2  conftest.c >&5
configure:4097: $? = 0
configure:4113: result: yes
configure:4070: checking for string.h
configure:4091: gcc -c -g -O2  conftest.c >&5
configure:4097: $? = 0
configure:4113: result: yes
configure:4070: checking for memory.h
configure:4091: gcc -c -g -O2  conftest.c >&5
configure:4097: $? = 0
configure:4113: result: yes
configure:4070: checking for strings.h
configure:4091: gcc -c -g -O2  conftest.c >&5
configure:4097: $? = 0
configure:4113: result: yes
configure:4070: checking for inttypes.h
configure:4091: gcc -c -g -O2  conftest.c >&5
configure:4097: $? = 0
configure:4113: result: yes
configure:4070: checking for stdint.h
configure:4091: gcc -c -g -O2  conftest.c >&5
configure:4097: $? = 0
configure:4113: result: yes
configure:4070: checking for unistd.h
configure:4091: gcc -c -g -O2  conftest.c >&5
configure:4097: $? = 0
configure:4113: result: yes
configure:4125: checking for size_t
configure:4155: gcc -c -g -O2  conftest.c >&5
configure:4161: $? = 0
configure:4176: result: yes
configure:4195: checking for stdlib.h
configure:4201: result: yes
configure:4335: checking for GNU libc compatible malloc
configure:4369: gcc -o conftest -g -O2   conftest.c  >&5
configure:4372: $? = 0
configure:4378: ./conftest
configure:4381: $? = 0
configure:4397: result: yes
configure:4476: checking for pkg-config
configure:4494: found /usr/bin/pkg-config
configure:4506: result: /usr/bin/pkg-config
configure:4535: checking pkg-config is at least version 0.9.0
configure:4538: result: yes
configure:4549: checking for SQLITE3
configure:4557: $PKG_CONFIG --exists --print-errors "sqlite3"
configure:4560: $? = 0
configure:4575: $PKG_CONFIG --exists --print-errors "sqlite3"
configure:4578: $? = 0
configure:4654: result: yes
configure:4662: checking for GLIB
configure:4670: $PKG_CONFIG --exists --print-errors "glib-2.0"
configure:4673: $? = 0
configure:4688: $PKG_CONFIG --exists --print-errors "glib-2.0"
configure:4691: $? = 0
configure:4767: result: yes
configure:4775: checking for DBUS
configure:4783: $PKG_CONFIG --exists --print-errors "dbus-1 dbus-glib-1"
configure:4786: $? = 0
configure:4801: $PKG_CONFIG --exists --print-errors "dbus-1 dbus-glib-1"
configure:4804: $? = 0
configure:4880: result: yes
configure:4888: checking for LIBSOUP
configure:4896: $PKG_CONFIG --exists --print-errors "libsoup-2.4"
configure:4899: $? = 0
configure:4914: $PKG_CONFIG --exists --print-errors "libsoup-2.4"
configure:4917: $? = 0
configure:4993: result: yes
configure:5115: creating ./config.status

## ---------------------- ##
## Running config.status. ##
## ---------------------- ##

This file was extended by btlogger config.status 0.3.2, which was
generated by GNU Autoconf 2.61.  Invocation command line was

  CONFIG_FILES    = 
  CONFIG_HEADERS  = 
  CONFIG_LINKS    = 
  CONFIG_COMMANDS = 
  $ ./config.status 

on thinkpad

config.status:645: creating Makefile
config.status:645: creating src/Makefile
config.status:645: creating src/config.h
config.status:877: src/config.h is unchanged
config.status:924: executing depfiles commands

## ---------------- ##
## Cache variables. ##
## ---------------- ##

ac_cv_c_compiler_gnu=yes
ac_cv_c_const=yes
ac_cv_env_CC_set=
ac_cv_env_CC_value=
ac_cv_env_CFLAGS_set=
ac_cv_env_CFLAGS_value=
ac_cv_env_CPPFLAGS_set=
ac_cv_env_CPPFLAGS_value=
ac_cv_env_CPP_set=
ac_cv_env_CPP_value=
ac_cv_env_DBUS_CFLAGS_set=
ac_cv_env_DBUS_CFLAGS_value=
ac_cv_env_DBUS_LIBS_set=
ac_cv_env_DBUS_LIBS_value=
ac_cv_env_GLIB_CFLAGS_set=
ac_cv_env_GLIB_CFLAGS_value=
ac_cv_env_GLIB_LIBS_set=
ac_cv_env_GLIB_LIBS_value=
ac_cv_env_LDFLAGS_set=
ac_cv_env_LDFLAGS_value=
ac_cv_env_LIBSOUP_CFLAGS_set=
ac_cv_env_LIBSOUP_CFLAGS_value=
ac_cv_env_LIBSOUP_LIBS_set=
ac_cv_env_LIBSOUP_LIBS_value=
ac_cv_env_LIBS_set=
ac_cv_env_LIBS_value=
ac_cv_env_PKG_CONFIG_set=
ac_cv_env_PKG_CONFIG_value=
ac_cv_env_SQLITE3_CFLAGS_set=
ac_cv_env_SQLITE3_CFLAGS_value=
ac_cv_env_SQLITE3_LIBS_set=
ac_cv_env_SQLITE3_LIBS_value=
ac_cv_env_build_alias_set=
ac_cv_env_build_alias_value=
ac_cv_env_host_alias_set=
ac_cv_env_host_alias_value=
ac_cv_env_target_alias_set=
ac_cv_env_target_alias_value=
ac_cv_func_malloc_0_nonnull=yes
ac_cv_header_inttypes_h=yes
ac_cv_header_memory_h=yes
ac_cv_header_stdc=yes
ac_cv_header_stdint_h=yes
ac_cv_header_stdlib_h=yes
ac_cv_header_string_h=yes
ac_cv_header_strings_h=yes
ac_cv_header_sys_stat_h=yes
ac_cv_header_sys_types_h=yes
ac_cv_header_unistd_h=yes
ac_cv_objext=o
ac_cv_path_EGREP='/bin/grep -E'
ac_cv_path_GREP=/bin/grep
ac_cv_path_ac_pt_PKG_CONFIG=/usr/bin/pkg-config
ac_cv_path_install='/usr/bin/install -c'
ac_cv_path_mkdir=/bin/mkdir
ac_cv_prog_AWK=gawk
ac_cv_prog_CPP='gcc -E'
ac_cv_prog_ac_ct_CC=gcc
ac_cv_prog_cc_c89=
ac_cv_prog_cc_g=yes
ac_cv_prog_make_make_set=yes
ac_cv_type_size_t=yes
am_cv_CC_dependencies_compiler_type=gcc3
pkg_cv_DBUS_CFLAGS='-I/usr/include/dbus-1.0 -I/usr/lib/dbus-1.0/include -I/usr/include/glib-2.0 -I/usr/lib/glib-2.0/include  '
pkg_cv_DBUS_LIBS='-L//lib -ldbus-glib-1 -ldbus-1 -lgobject-2.0 -lglib-2.0  '
pkg_cv_GLIB_CFLAGS='-I/usr/include/glib-2.0 -I/usr/lib/glib-2.0/include  '
pkg_cv_GLIB_LIBS='-lglib-2.0  '
pkg_cv_LIBSOUP_CFLAGS='-I/usr/include/libsoup-2.4 -I/usr/include/libxml2 -I/usr/include/glib-2.0 -I/usr/lib/glib-2.0/include  '
pkg_cv_LIBSOUP_LIBS='-lsoup-2.4 -lgio-2.0 -lgobject-2.0 -lgmodule-2.0 -lglib-2.0  '
pkg_cv_SQLITE3_CFLAGS=' '
pkg_cv_SQLITE3_LIBS='-lsqlite3  '

## ----------------- ##
## Output variables. ##
## ----------------- ##

ACLOCAL='${SHELL} /home/john/workspace/thumbtribes_project/tools/btlogger/missing --run aclocal-1.10'
AMDEPBACKSLASH='\'
AMDEP_FALSE='#'
AMDEP_TRUE=''
AMTAR='${SHELL} /home/john/workspace/thumbtribes_project/tools/btlogger/missing --run tar'
AUTOCONF='${SHELL} /home/john/workspace/thumbtribes_project/tools/btlogger/missing --run autoconf'
AUTOHEADER='${SHELL} /home/john/workspace/thumbtribes_project/tools/btlogger/missing --run autoheader'
AUTOMAKE='${SHELL} /home/john/workspace/thumbtribes_project/tools/btlogger/missing --run automake-1.10'
AWK='gawk'
CC='gcc'
CCDEPMODE='depmode=gcc3'
CFLAGS='-g -O2'
CPP='gcc -E'
CPPFLAGS=''
CYGPATH_W='echo'
DBUS_CFLAGS='-I/usr/include/dbus-1.0 -I/usr/lib/dbus-1.0/include -I/usr/include/glib-2.0 -I/usr/lib/glib-2.0/include  '
DBUS_LIBS='-L//lib -ldbus-glib-1 -ldbus-1 -lgobject-2.0 -lglib-2.0  '
DEFS='-DHAVE_CONFIG_H'
DEPDIR='.deps'
ECHO_C=''
ECHO_N='-n'
ECHO_T=''
EGREP='/bin/grep -E'
EXEEXT=''
GLIB_CFLAGS='-I/usr/include/glib-2.0 -I/usr/lib/glib-2.0/include  '
GLIB_LIBS='-lglib-2.0  '
GREP='/bin/grep'
INSTALL_DATA='${INSTALL} -m 644'
INSTALL_PROGRAM='${INSTALL}'
INSTALL_SCRIPT='${INSTALL}'
INSTALL_STRIP_PROGRAM='$(install_sh) -c -s'
LDFLAGS=''
LIBOBJS=''
LIBS=''
LIBSOUP_CFLAGS='-I/usr/include/libsoup-2.4 -I/usr/include/libxml2 -I/usr/include/glib-2.0 -I/usr/lib/glib-2.0/include  '
LIBSOUP_LIBS='-lsoup-2.4 -lgio-2.0 -lgobject-2.0 -lgmodule-2.0 -lglib-2.0  '
LTLIBOBJS=''
MAKEINFO='${SHELL} /home/john/workspace/thumbtribes_project/tools/btlogger/missing --run makeinfo'
OBJEXT='o'
PACKAGE='btlogger'
PACKAGE_BUGREPORT='jmoore@zedstar.org'
PACKAGE_NAME='btlogger'
PACKAGE_STRING='btlogger 0.3.2'
PACKAGE_TARNAME='btlogger'
PACKAGE_VERSION='0.3.2'
PATH_SEPARATOR=':'
PKG_CONFIG='/usr/bin/pkg-config'
SET_MAKE=''
SHELL='/bin/sh'
SQLITE3_CFLAGS=' '
SQLITE3_LIBS='-lsqlite3  '
STRIP=''
VERSION='0.3.2'
ac_ct_CC='gcc'
am__fastdepCC_FALSE='#'
am__fastdepCC_TRUE=''
am__include='include'
am__isrc=''
am__leading_dot='.'
am__quote=''
am__tar='${AMTAR} chof - "$$tardir"'
am__untar='${AMTAR} xf -'
bindir='${exec_prefix}/bin'
build_alias=''
datadir='${datarootdir}'
datarootdir='${prefix}/share'
docdir='${datarootdir}/doc/${PACKAGE_TARNAME}'
dvidir='${docdir}'
exec_prefix='${prefix}'
host_alias=''
htmldir='${docdir}'
includedir='${prefix}/include'
infodir='${datarootdir}/info'
install_sh='$(SHELL) /home/john/workspace/thumbtribes_project/tools/btlogger/install-sh'
libdir='${exec_prefix}/lib'
libexecdir='${exec_prefix}/libexec'
localedir='${datarootdir}/locale'
localstatedir='${prefix}/var'
mandir='${datarootdir}/man'
mkdir_p='/bin/mkdir -p'
oldincludedir='/usr/include'
pdfdir='${docdir}'
prefix='/usr/local'
program_transform_name='s,x,x,'
psdir='${docdir}'
sbindir='${exec_prefix}/sbin'
sharedstatedir='${prefix}/com'
sysconfdir='${prefix}/etc'
target_alias=''

## ----------- ##
## confdefs.h. ##
## ----------- ##

#define PACKAGE_NAME "btlogger"
#define PACKAGE_TARNAME "btlogger"
#define PACKAGE_VERSION "0.3.2"
#define PACKAGE_STRING "btlogger 0.3.2"
#define PACKAGE_BUGREPORT "jmoore@zedstar.org"
#define PACKAGE "btlogger"
#define VERSION "0.3.2"
#define PROGNAME "btlogger"
#define DB "/var/lib/misc/btlog.db"
#define SCAN_FREQ 20
#define API_URL "http://twitter.com/statuses/update.xml"
#define STDC_HEADERS 1
#define HAVE_SYS_TYPES_H 1
#define HAVE_SYS_STAT_H 1
#define HAVE_STDLIB_H 1
#define HAVE_STRING_H 1
#define HAVE_MEMORY_H 1
#define HAVE_STRINGS_H 1
#define HAVE_INTTYPES_H 1
#define HAVE_STDINT_H 1
#define HAVE_UNISTD_H 1
#define HAVE_STDLIB_H 1
#define HAVE_MALLOC 1

configure: exit 0
